<?xml version="1.0" encoding="UTF-8"?>
<!-- Generated by org.testng.reporters.JUnitXMLReporter -->
<testsuite ignored="0" hostname="TYSS-Yogita" failures="0" tests="6" name="Test" time="13.789" errors="0" timestamp="2022-08-26T15:00:50 IST">
  <testcase classname="testScripts.LoginTest" name="testCase1" time="0.529"/>
  <testcase classname="testScripts.LoginTest" name="testCase1" time="0.432"/>
  <testcase classname="testScripts.LoginTest" name="testCase1" time="0.491"/>
  <testcase classname="testScripts.RegisterTest" name="registerTestCase" time="0.912"/>
  <testcase classname="testScripts.RegisterTest" name="registerTestCase" time="1.41"/>
  <testcase classname="testScripts.RegisterTest" name="registerTestCase" time="1.309"/>
</testsuite> <!-- Test -->
